This file contains any messages produced by compilers while
running configure, to aid debugging if configure makes a mistake.

It was created by spatialite_gui configure 2.1.0-beta1, which was
generated by GNU Autoconf 2.69.  Invocation command line was

  $ ./configure 

## --------- ##
## Platform. ##
## --------- ##

hostname = rush
uname -m = x86_64
uname -r = 5.4.0-144-generic
uname -s = Linux
uname -v = #161~18.04.1-Ubuntu SMP Fri Feb 10 15:55:22 UTC 2023

/usr/bin/uname -p = unknown
/bin/uname -X     = unknown

/bin/arch              = unknown
/usr/bin/arch -k       = unknown
/usr/convex/getsysinfo = unknown
/usr/bin/hostinfo      = unknown
/bin/machine           = unknown
/usr/bin/oslevel       = unknown
/bin/universe          = unknown

PATH: /home/jin/miniconda3/condabin
PATH: /home/jin/.local/bin
PATH: /usr/local/sbin
PATH: /usr/local/bin
PATH: /usr/sbin
PATH: /usr/bin
PATH: /sbin
PATH: /bin
PATH: /usr/games
PATH: /usr/local/games
PATH: /snap/bin


## ----------- ##
## Core tests. ##
## ----------- ##

configure:2635: checking for a BSD-compatible install
configure:2703: result: /usr/bin/install -c
configure:2714: checking whether build environment is sane
configure:2769: result: yes
configure:2807: WARNING: 'missing' script is too old or missing
configure:2920: checking for a thread-safe mkdir -p
configure:2959: result: /bin/mkdir -p
configure:2966: checking for gawk
configure:2982: found /usr/bin/gawk
configure:2993: result: gawk
configure:3004: checking whether make sets $(MAKE)
configure:3026: result: yes
configure:3055: checking whether make supports nested variables
configure:3072: result: yes
configure:3199: checking whether to enable maintainer-specific portions of Makefiles
configure:3208: result: no
configure:3307: checking for g++
configure:3323: found /usr/bin/g++
configure:3334: result: g++
configure:3361: checking for C++ compiler version
configure:3370: g++ --version >&5
g++ (Ubuntu 7.5.0-3ubuntu1~18.04) 7.5.0
Copyright (C) 2017 Free Software Foundation, Inc.
This is free software; see the source for copying conditions.  There is NO
warranty; not even for MERCHANTABILITY or FITNESS FOR A PARTICULAR PURPOSE.

configure:3381: $? = 0
configure:3370: g++ -v >&5
Using built-in specs.
COLLECT_GCC=g++
COLLECT_LTO_WRAPPER=/usr/lib/gcc/x86_64-linux-gnu/7/lto-wrapper
OFFLOAD_TARGET_NAMES=nvptx-none
OFFLOAD_TARGET_DEFAULT=1
Target: x86_64-linux-gnu
Configured with: ../src/configure -v --with-pkgversion='Ubuntu 7.5.0-3ubuntu1~18.04' --with-bugurl=file:///usr/share/doc/gcc-7/README.Bugs --enable-languages=c,ada,c++,go,brig,d,fortran,objc,obj-c++ --prefix=/usr --with-gcc-major-version-only --program-suffix=-7 --program-prefix=x86_64-linux-gnu- --enable-shared --enable-linker-build-id --libexecdir=/usr/lib --without-included-gettext --enable-threads=posix --libdir=/usr/lib --enable-nls --enable-bootstrap --enable-clocale=gnu --enable-libstdcxx-debug --enable-libstdcxx-time=yes --with-default-libstdcxx-abi=new --enable-gnu-unique-object --disable-vtable-verify --enable-libmpx --enable-plugin --enable-default-pie --with-system-zlib --with-target-system-zlib --enable-objc-gc=auto --enable-multiarch --disable-werror --with-arch-32=i686 --with-abi=m64 --with-multilib-list=m32,m64,mx32 --enable-multilib --with-tune=generic --enable-offload-targets=nvptx-none --without-cuda-driver --enable-checking=release --build=x86_64-linux-gnu --host=x86_64-linux-gnu --target=x86_64-linux-gnu
Thread model: posix
gcc version 7.5.0 (Ubuntu 7.5.0-3ubuntu1~18.04) 
configure:3381: $? = 0
configure:3370: g++ -V >&5
g++: error: unrecognized command line option '-V'
g++: fatal error: no input files
compilation terminated.
configure:3381: $? = 1
configure:3370: g++ -qversion >&5
g++: error: unrecognized command line option '-qversion'; did you mean '--version'?
g++: fatal error: no input files
compilation terminated.
configure:3381: $? = 1
configure:3401: checking whether the C++ compiler works
configure:3423: g++    conftest.cpp  >&5
configure:3427: $? = 0
configure:3475: result: yes
configure:3478: checking for C++ compiler default output file name
configure:3480: result: a.out
configure:3486: checking for suffix of executables
configure:3493: g++ -o conftest    conftest.cpp  >&5
configure:3497: $? = 0
configure:3519: result: 
configure:3541: checking whether we are cross compiling
configure:3549: g++ -o conftest    conftest.cpp  >&5
configure:3553: $? = 0
configure:3560: ./conftest
configure:3564: $? = 0
configure:3579: result: no
configure:3584: checking for suffix of object files
configure:3606: g++ -c   conftest.cpp >&5
configure:3610: $? = 0
configure:3631: result: o
configure:3635: checking whether we are using the GNU C++ compiler
configure:3654: g++ -c   conftest.cpp >&5
configure:3654: $? = 0
configure:3663: result: yes
configure:3672: checking whether g++ accepts -g
configure:3692: g++ -c -g  conftest.cpp >&5
configure:3692: $? = 0
configure:3733: result: yes
configure:3759: checking whether make supports the include directive
configure:3774: make -f confmf.GNU && cat confinc.out
this is the am__doit target
configure:3777: $? = 0
configure:3796: result: yes (GNU style)
configure:3821: checking dependency style of g++
configure:3932: result: gcc3
configure:3995: checking for gcc
configure:4011: found /usr/bin/gcc
configure:4022: result: gcc
configure:4251: checking for C compiler version
configure:4260: gcc --version >&5
gcc (Ubuntu 7.5.0-3ubuntu1~18.04) 7.5.0
Copyright (C) 2017 Free Software Foundation, Inc.
This is free software; see the source for copying conditions.  There is NO
warranty; not even for MERCHANTABILITY or FITNESS FOR A PARTICULAR PURPOSE.

configure:4271: $? = 0
configure:4260: gcc -v >&5
Using built-in specs.
COLLECT_GCC=gcc
COLLECT_LTO_WRAPPER=/usr/lib/gcc/x86_64-linux-gnu/7/lto-wrapper
OFFLOAD_TARGET_NAMES=nvptx-none
OFFLOAD_TARGET_DEFAULT=1
Target: x86_64-linux-gnu
Configured with: ../src/configure -v --with-pkgversion='Ubuntu 7.5.0-3ubuntu1~18.04' --with-bugurl=file:///usr/share/doc/gcc-7/README.Bugs --enable-languages=c,ada,c++,go,brig,d,fortran,objc,obj-c++ --prefix=/usr --with-gcc-major-version-only --program-suffix=-7 --program-prefix=x86_64-linux-gnu- --enable-shared --enable-linker-build-id --libexecdir=/usr/lib --without-included-gettext --enable-threads=posix --libdir=/usr/lib --enable-nls --enable-bootstrap --enable-clocale=gnu --enable-libstdcxx-debug --enable-libstdcxx-time=yes --with-default-libstdcxx-abi=new --enable-gnu-unique-object --disable-vtable-verify --enable-libmpx --enable-plugin --enable-default-pie --with-system-zlib --with-target-system-zlib --enable-objc-gc=auto --enable-multiarch --disable-werror --with-arch-32=i686 --with-abi=m64 --with-multilib-list=m32,m64,mx32 --enable-multilib --with-tune=generic --enable-offload-targets=nvptx-none --without-cuda-driver --enable-checking=release --build=x86_64-linux-gnu --host=x86_64-linux-gnu --target=x86_64-linux-gnu
Thread model: posix
gcc version 7.5.0 (Ubuntu 7.5.0-3ubuntu1~18.04) 
configure:4271: $? = 0
configure:4260: gcc -V >&5
gcc: error: unrecognized command line option '-V'
gcc: fatal error: no input files
compilation terminated.
configure:4271: $? = 1
configure:4260: gcc -qversion >&5
gcc: error: unrecognized command line option '-qversion'; did you mean '--version'?
gcc: fatal error: no input files
compilation terminated.
configure:4271: $? = 1
configure:4275: checking whether we are using the GNU C compiler
configure:4294: gcc -c   conftest.c >&5
configure:4294: $? = 0
configure:4303: result: yes
configure:4312: checking whether gcc accepts -g
configure:4332: gcc -c -g  conftest.c >&5
configure:4332: $? = 0
configure:4373: result: yes
configure:4390: checking for gcc option to accept ISO C89
configure:4453: gcc  -c -g -O2  conftest.c >&5
configure:4453: $? = 0
configure:4466: result: none needed
configure:4491: checking whether gcc understands -c and -o together
configure:4513: gcc -c conftest.c -o conftest2.o
configure:4516: $? = 0
configure:4513: gcc -c conftest.c -o conftest2.o
configure:4516: $? = 0
configure:4528: result: yes
configure:4547: checking dependency style of gcc
configure:4658: result: gcc3
configure:4678: checking how to run the C preprocessor
configure:4709: gcc -E  conftest.c
configure:4709: $? = 0
configure:4723: gcc -E  conftest.c
conftest.c:11:10: fatal error: ac_nonexistent.h: No such file or directory
 #include <ac_nonexistent.h>
          ^~~~~~~~~~~~~~~~~~
compilation terminated.
configure:4723: $? = 1
configure: failed program was:
| /* confdefs.h */
| #define PACKAGE_NAME "spatialite_gui"
| #define PACKAGE_TARNAME "spatialite_gui"
| #define PACKAGE_VERSION "2.1.0-beta1"
| #define PACKAGE_STRING "spatialite_gui 2.1.0-beta1"
| #define PACKAGE_BUGREPORT "a.furieri@lqt.it"
| #define PACKAGE_URL ""
| #define PACKAGE "spatialite_gui"
| #define VERSION "2.1.0-beta1"
| /* end confdefs.h.  */
| #include <ac_nonexistent.h>
configure:4748: result: gcc -E
configure:4768: gcc -E  conftest.c
configure:4768: $? = 0
configure:4782: gcc -E  conftest.c
conftest.c:11:10: fatal error: ac_nonexistent.h: No such file or directory
 #include <ac_nonexistent.h>
          ^~~~~~~~~~~~~~~~~~
compilation terminated.
configure:4782: $? = 1
configure: failed program was:
| /* confdefs.h */
| #define PACKAGE_NAME "spatialite_gui"
| #define PACKAGE_TARNAME "spatialite_gui"
| #define PACKAGE_VERSION "2.1.0-beta1"
| #define PACKAGE_STRING "spatialite_gui 2.1.0-beta1"
| #define PACKAGE_BUGREPORT "a.furieri@lqt.it"
| #define PACKAGE_URL ""
| #define PACKAGE "spatialite_gui"
| #define VERSION "2.1.0-beta1"
| /* end confdefs.h.  */
| #include <ac_nonexistent.h>
configure:4811: checking whether ln -s works
configure:4815: result: yes
configure:4822: checking whether make sets $(MAKE)
configure:4844: result: yes
configure:4857: checking build system type
configure:4871: result: x86_64-unknown-linux-gnu
configure:4891: checking host system type
configure:4904: result: x86_64-unknown-linux-gnu
configure:5273: checking how to print strings
configure:5300: result: printf
configure:5321: checking for a sed that does not truncate output
configure:5385: result: /bin/sed
configure:5403: checking for grep that handles long lines and -e
configure:5461: result: /bin/grep
configure:5466: checking for egrep
configure:5528: result: /bin/grep -E
configure:5533: checking for fgrep
configure:5595: result: /bin/grep -F
configure:5630: checking for ld used by gcc
configure:5697: result: /usr/bin/ld
configure:5704: checking if the linker (/usr/bin/ld) is GNU ld
configure:5719: result: yes
configure:5731: checking for BSD- or MS-compatible name lister (nm)
configure:5780: result: /usr/bin/nm -B
configure:5910: checking the name lister (/usr/bin/nm -B) interface
configure:5917: gcc -c -g -O2  conftest.c >&5
configure:5920: /usr/bin/nm -B "conftest.o"
configure:5923: output
0000000000000000 B some_variable
configure:5930: result: BSD nm
configure:5934: checking the maximum length of command line arguments
configure:6059: result: 1572864
configure:6076: checking whether the shell understands some XSI constructs
configure:6086: result: yes
configure:6090: checking whether the shell understands "+="
configure:6096: result: yes
configure:6131: checking how to convert x86_64-unknown-linux-gnu file names to x86_64-unknown-linux-gnu format
configure:6171: result: func_convert_file_noop
configure:6178: checking how to convert x86_64-unknown-linux-gnu file names to toolchain format
configure:6198: result: func_convert_file_noop
configure:6205: checking for /usr/bin/ld option to reload object files
configure:6212: result: -r
configure:6286: checking for objdump
configure:6313: result: objdump
configure:6342: checking how to recognize dependent libraries
configure:6544: result: pass_all
configure:6629: checking for dlltool
configure:6656: result: dlltool
configure:6686: checking how to associate runtime and link libraries
configure:6713: result: printf %s\n
configure:6774: checking for ar
configure:6790: found /usr/bin/ar
configure:6801: result: ar
configure:6838: checking for archiver @FILE support
configure:6855: gcc -c -g -O2  conftest.c >&5
configure:6855: $? = 0
configure:6858: ar cru libconftest.a @conftest.lst >&5
ar: `u' modifier ignored since `D' is the default (see `U')
configure:6861: $? = 0
configure:6866: ar cru libconftest.a @conftest.lst >&5
ar: `u' modifier ignored since `D' is the default (see `U')
ar: conftest.o: No such file or directory
configure:6869: $? = 1
configure:6881: result: @
configure:6939: checking for strip
configure:6955: found /usr/bin/strip
configure:6966: result: strip
configure:7038: checking for ranlib
configure:7054: found /usr/bin/ranlib
configure:7065: result: ranlib
configure:7167: checking command to parse /usr/bin/nm -B output from gcc object
configure:7286: gcc -c -g -O2  conftest.c >&5
configure:7289: $? = 0
configure:7293: /usr/bin/nm -B conftest.o \| sed -n -e 's/^.*[ ]\([ABCDGIRSTW][ABCDGIRSTW]*\)[ ][ ]*\([_A-Za-z][_A-Za-z0-9]*\)$/\1 \2 \2/p' | sed '/ __gnu_lto/d' \> conftest.nm
configure:7296: $? = 0
configure:7362: gcc -o conftest -g -O2   conftest.c conftstm.o >&5
configure:7365: $? = 0
configure:7403: result: ok
configure:7440: checking for sysroot
configure:7470: result: no
configure:7547: gcc -c -g -O2  conftest.c >&5
configure:7550: $? = 0
configure:7713: checking for mt
configure:7729: found /bin/mt
configure:7740: result: mt
configure:7763: checking if mt is a manifest tool
configure:7769: mt '-?'
configure:7777: result: no
configure:8405: checking for ANSI C header files
configure:8425: gcc -c -g -O2  conftest.c >&5
configure:8425: $? = 0
configure:8498: gcc -o conftest -g -O2   conftest.c  >&5
configure:8498: $? = 0
configure:8498: ./conftest
configure:8498: $? = 0
configure:8509: result: yes
configure:8522: checking for sys/types.h
configure:8522: gcc -c -g -O2  conftest.c >&5
configure:8522: $? = 0
configure:8522: result: yes
configure:8522: checking for sys/stat.h
configure:8522: gcc -c -g -O2  conftest.c >&5
configure:8522: $? = 0
configure:8522: result: yes
configure:8522: checking for stdlib.h
configure:8522: gcc -c -g -O2  conftest.c >&5
configure:8522: $? = 0
configure:8522: result: yes
configure:8522: checking for string.h
configure:8522: gcc -c -g -O2  conftest.c >&5
configure:8522: $? = 0
configure:8522: result: yes
configure:8522: checking for memory.h
configure:8522: gcc -c -g -O2  conftest.c >&5
configure:8522: $? = 0
configure:8522: result: yes
configure:8522: checking for strings.h
configure:8522: gcc -c -g -O2  conftest.c >&5
configure:8522: $? = 0
configure:8522: result: yes
configure:8522: checking for inttypes.h
configure:8522: gcc -c -g -O2  conftest.c >&5
configure:8522: $? = 0
configure:8522: result: yes
configure:8522: checking for stdint.h
configure:8522: gcc -c -g -O2  conftest.c >&5
configure:8522: $? = 0
configure:8522: result: yes
configure:8522: checking for unistd.h
configure:8522: gcc -c -g -O2  conftest.c >&5
configure:8522: $? = 0
configure:8522: result: yes
configure:8536: checking for dlfcn.h
configure:8536: gcc -c -g -O2  conftest.c >&5
configure:8536: $? = 0
configure:8536: result: yes
configure:8732: checking for objdir
configure:8747: result: .libs
configure:9018: checking if gcc supports -fno-rtti -fno-exceptions
configure:9036: gcc -c -g -O2  -fno-rtti -fno-exceptions conftest.c >&5
cc1: warning: command line option '-fno-rtti' is valid for C++/ObjC++ but not for C
configure:9040: $? = 0
configure:9053: result: no
configure:9363: checking for gcc option to produce PIC
configure:9370: result: -fPIC -DPIC
configure:9378: checking if gcc PIC flag -fPIC -DPIC works
configure:9396: gcc -c -g -O2  -fPIC -DPIC -DPIC conftest.c >&5
configure:9400: $? = 0
configure:9413: result: yes
configure:9442: checking if gcc static flag -static works
configure:9470: result: yes
configure:9485: checking if gcc supports -c -o file.o
configure:9506: gcc -c -g -O2  -o out/conftest2.o conftest.c >&5
configure:9510: $? = 0
configure:9532: result: yes
configure:9540: checking if gcc supports -c -o file.o
configure:9587: result: yes
configure:9620: checking whether the gcc linker (/usr/bin/ld -m elf_x86_64) supports shared libraries
configure:10778: result: yes
configure:10815: checking whether -lc should be explicitly linked in
configure:10823: gcc -c -g -O2  conftest.c >&5
configure:10826: $? = 0
configure:10841: gcc -shared  -fPIC -DPIC conftest.o  -v -Wl,-soname -Wl,conftest -o conftest 2\>\&1 \| /bin/grep  -lc  \>/dev/null 2\>\&1
configure:10844: $? = 0
configure:10858: result: no
configure:11023: checking dynamic linker characteristics
configure:11537: gcc -o conftest -g -O2   -Wl,-rpath -Wl,/foo conftest.c  >&5
configure:11537: $? = 0
configure:11763: result: GNU/Linux ld.so
configure:11870: checking how to hardcode library paths into programs
configure:11895: result: immediate
configure:12435: checking whether stripping libraries is possible
configure:12440: result: yes
configure:12475: checking if libtool supports shared libraries
configure:12477: result: yes
configure:12480: checking whether to build shared libraries
configure:12501: result: yes
configure:12504: checking whether to build static libraries
configure:12508: result: yes
configure:12531: checking how to run the C++ preprocessor
configure:12558: g++ -E  conftest.cpp
configure:12558: $? = 0
configure:12572: g++ -E  conftest.cpp
conftest.cpp:23:10: fatal error: ac_nonexistent.h: No such file or directory
 #include <ac_nonexistent.h>
          ^~~~~~~~~~~~~~~~~~
compilation terminated.
configure:12572: $? = 1
configure: failed program was:
| /* confdefs.h */
| #define PACKAGE_NAME "spatialite_gui"
| #define PACKAGE_TARNAME "spatialite_gui"
| #define PACKAGE_VERSION "2.1.0-beta1"
| #define PACKAGE_STRING "spatialite_gui 2.1.0-beta1"
| #define PACKAGE_BUGREPORT "a.furieri@lqt.it"
| #define PACKAGE_URL ""
| #define PACKAGE "spatialite_gui"
| #define VERSION "2.1.0-beta1"
| #define STDC_HEADERS 1
| #define HAVE_SYS_TYPES_H 1
| #define HAVE_SYS_STAT_H 1
| #define HAVE_STDLIB_H 1
| #define HAVE_STRING_H 1
| #define HAVE_MEMORY_H 1
| #define HAVE_STRINGS_H 1
| #define HAVE_INTTYPES_H 1
| #define HAVE_STDINT_H 1
| #define HAVE_UNISTD_H 1
| #define HAVE_DLFCN_H 1
| #define LT_OBJDIR ".libs/"
| /* end confdefs.h.  */
| #include <ac_nonexistent.h>
configure:12597: result: g++ -E
configure:12617: g++ -E  conftest.cpp
configure:12617: $? = 0
configure:12631: g++ -E  conftest.cpp
conftest.cpp:23:10: fatal error: ac_nonexistent.h: No such file or directory
 #include <ac_nonexistent.h>
          ^~~~~~~~~~~~~~~~~~
compilation terminated.
configure:12631: $? = 1
configure: failed program was:
| /* confdefs.h */
| #define PACKAGE_NAME "spatialite_gui"
| #define PACKAGE_TARNAME "spatialite_gui"
| #define PACKAGE_VERSION "2.1.0-beta1"
| #define PACKAGE_STRING "spatialite_gui 2.1.0-beta1"
| #define PACKAGE_BUGREPORT "a.furieri@lqt.it"
| #define PACKAGE_URL ""
| #define PACKAGE "spatialite_gui"
| #define VERSION "2.1.0-beta1"
| #define STDC_HEADERS 1
| #define HAVE_SYS_TYPES_H 1
| #define HAVE_SYS_STAT_H 1
| #define HAVE_STDLIB_H 1
| #define HAVE_STRING_H 1
| #define HAVE_MEMORY_H 1
| #define HAVE_STRINGS_H 1
| #define HAVE_INTTYPES_H 1
| #define HAVE_STDINT_H 1
| #define HAVE_UNISTD_H 1
| #define HAVE_DLFCN_H 1
| #define LT_OBJDIR ".libs/"
| /* end confdefs.h.  */
| #include <ac_nonexistent.h>
configure:12801: checking for ld used by g++
configure:12868: result: /usr/bin/ld -m elf_x86_64
configure:12875: checking if the linker (/usr/bin/ld -m elf_x86_64) is GNU ld
configure:12890: result: yes
configure:12945: checking whether the g++ linker (/usr/bin/ld -m elf_x86_64) supports shared libraries
configure:13949: result: yes
configure:13984: g++ -c -g -O2  conftest.cpp >&5
configure:13987: $? = 0
configure:14507: checking for g++ option to produce PIC
configure:14514: result: -fPIC -DPIC
configure:14522: checking if g++ PIC flag -fPIC -DPIC works
configure:14540: g++ -c -g -O2  -fPIC -DPIC -DPIC conftest.cpp >&5
configure:14544: $? = 0
configure:14557: result: yes
configure:14580: checking if g++ static flag -static works
configure:14608: result: yes
configure:14620: checking if g++ supports -c -o file.o
configure:14641: g++ -c -g -O2  -o out/conftest2.o conftest.cpp >&5
configure:14645: $? = 0
configure:14667: result: yes
configure:14672: checking if g++ supports -c -o file.o
configure:14719: result: yes
configure:14749: checking whether the g++ linker (/usr/bin/ld -m elf_x86_64) supports shared libraries
configure:14783: result: yes
configure:14926: checking dynamic linker characteristics
configure:15600: result: GNU/Linux ld.so
configure:15653: checking how to hardcode library paths into programs
configure:15678: result: immediate
configure:15750: checking for wx-config
configure:15783: result: no
configure:15790: error: could not find wx-config within the current path. You may need to try re-running configure with a --with-wxconfig parameter.

## ---------------- ##
## Cache variables. ##
## ---------------- ##

ac_cv_build=x86_64-unknown-linux-gnu
ac_cv_c_compiler_gnu=yes
ac_cv_cxx_compiler_gnu=yes
ac_cv_env_CCC_set=
ac_cv_env_CCC_value=
ac_cv_env_CC_set=
ac_cv_env_CC_value=
ac_cv_env_CFLAGS_set=
ac_cv_env_CFLAGS_value=
ac_cv_env_CPPFLAGS_set=
ac_cv_env_CPPFLAGS_value=
ac_cv_env_CPP_set=
ac_cv_env_CPP_value=
ac_cv_env_CXXCPP_set=
ac_cv_env_CXXCPP_value=
ac_cv_env_CXXFLAGS_set=
ac_cv_env_CXXFLAGS_value=
ac_cv_env_CXX_set=
ac_cv_env_CXX_value=
ac_cv_env_LDFLAGS_set=
ac_cv_env_LDFLAGS_value=
ac_cv_env_LIBCURL_CFLAGS_set=
ac_cv_env_LIBCURL_CFLAGS_value=
ac_cv_env_LIBCURL_LIBS_set=
ac_cv_env_LIBCURL_LIBS_value=
ac_cv_env_LIBFREEXL_CFLAGS_set=
ac_cv_env_LIBFREEXL_CFLAGS_value=
ac_cv_env_LIBFREEXL_LIBS_set=
ac_cv_env_LIBFREEXL_LIBS_value=
ac_cv_env_LIBLZ4_CFLAGS_set=
ac_cv_env_LIBLZ4_CFLAGS_value=
ac_cv_env_LIBLZ4_LIBS_set=
ac_cv_env_LIBLZ4_LIBS_value=
ac_cv_env_LIBLZMA_CFLAGS_set=
ac_cv_env_LIBLZMA_CFLAGS_value=
ac_cv_env_LIBLZMA_LIBS_set=
ac_cv_env_LIBLZMA_LIBS_value=
ac_cv_env_LIBOPENJP2_CFLAGS_set=
ac_cv_env_LIBOPENJP2_CFLAGS_value=
ac_cv_env_LIBOPENJP2_LIBS_set=
ac_cv_env_LIBOPENJP2_LIBS_value=
ac_cv_env_LIBRASTERLITE2_CFLAGS_set=
ac_cv_env_LIBRASTERLITE2_CFLAGS_value=
ac_cv_env_LIBRASTERLITE2_LIBS_set=
ac_cv_env_LIBRASTERLITE2_LIBS_value=
ac_cv_env_LIBSPATIALITE_CFLAGS_set=
ac_cv_env_LIBSPATIALITE_CFLAGS_value=
ac_cv_env_LIBSPATIALITE_LIBS_set=
ac_cv_env_LIBSPATIALITE_LIBS_value=
ac_cv_env_LIBS_set=
ac_cv_env_LIBS_value=
ac_cv_env_LIBVIRTUALPG_CFLAGS_set=
ac_cv_env_LIBVIRTUALPG_CFLAGS_value=
ac_cv_env_LIBVIRTUALPG_LIBS_set=
ac_cv_env_LIBVIRTUALPG_LIBS_value=
ac_cv_env_LIBWEBP_CFLAGS_set=
ac_cv_env_LIBWEBP_CFLAGS_value=
ac_cv_env_LIBWEBP_LIBS_set=
ac_cv_env_LIBWEBP_LIBS_value=
ac_cv_env_LIBXML2_CFLAGS_set=
ac_cv_env_LIBXML2_CFLAGS_value=
ac_cv_env_LIBXML2_LIBS_set=
ac_cv_env_LIBXML2_LIBS_value=
ac_cv_env_LIBZSTD_CFLAGS_set=
ac_cv_env_LIBZSTD_CFLAGS_value=
ac_cv_env_LIBZSTD_LIBS_set=
ac_cv_env_LIBZSTD_LIBS_value=
ac_cv_env_PKG_CONFIG_LIBDIR_set=
ac_cv_env_PKG_CONFIG_LIBDIR_value=
ac_cv_env_PKG_CONFIG_PATH_set=
ac_cv_env_PKG_CONFIG_PATH_value=
ac_cv_env_PKG_CONFIG_set=
ac_cv_env_PKG_CONFIG_value=
ac_cv_env_build_alias_set=
ac_cv_env_build_alias_value=
ac_cv_env_host_alias_set=
ac_cv_env_host_alias_value=
ac_cv_env_target_alias_set=
ac_cv_env_target_alias_value=
ac_cv_header_dlfcn_h=yes
ac_cv_header_inttypes_h=yes
ac_cv_header_memory_h=yes
ac_cv_header_stdc=yes
ac_cv_header_stdint_h=yes
ac_cv_header_stdlib_h=yes
ac_cv_header_string_h=yes
ac_cv_header_strings_h=yes
ac_cv_header_sys_stat_h=yes
ac_cv_header_sys_types_h=yes
ac_cv_header_unistd_h=yes
ac_cv_host=x86_64-unknown-linux-gnu
ac_cv_objext=o
ac_cv_path_EGREP='/bin/grep -E'
ac_cv_path_FGREP='/bin/grep -F'
ac_cv_path_GREP=/bin/grep
ac_cv_path_SED=/bin/sed
ac_cv_path_install='/usr/bin/install -c'
ac_cv_path_mkdir=/bin/mkdir
ac_cv_prog_AWK=gawk
ac_cv_prog_CPP='gcc -E'
ac_cv_prog_CXXCPP='g++ -E'
ac_cv_prog_ac_ct_AR=ar
ac_cv_prog_ac_ct_CC=gcc
ac_cv_prog_ac_ct_CXX=g++
ac_cv_prog_ac_ct_DLLTOOL=dlltool
ac_cv_prog_ac_ct_MANIFEST_TOOL=mt
ac_cv_prog_ac_ct_OBJDUMP=objdump
ac_cv_prog_ac_ct_RANLIB=ranlib
ac_cv_prog_ac_ct_STRIP=strip
ac_cv_prog_cc_c89=
ac_cv_prog_cc_g=yes
ac_cv_prog_cxx_g=yes
ac_cv_prog_make_make_set=yes
am_cv_CC_dependencies_compiler_type=gcc3
am_cv_CXX_dependencies_compiler_type=gcc3
am_cv_make_support_nested_variables=yes
am_cv_prog_cc_c_o=yes
lt_cv_ar_at_file=@
lt_cv_archive_cmds_need_lc=no
lt_cv_deplibs_check_method=pass_all
lt_cv_file_magic_cmd='$MAGIC_CMD'
lt_cv_file_magic_test_file=
lt_cv_ld_reload_flag=-r
lt_cv_nm_interface='BSD nm'
lt_cv_objdir=.libs
lt_cv_path_LD=/usr/bin/ld
lt_cv_path_LDCXX='/usr/bin/ld -m elf_x86_64'
lt_cv_path_NM='/usr/bin/nm -B'
lt_cv_path_mainfest_tool=no
lt_cv_prog_compiler_c_o=yes
lt_cv_prog_compiler_c_o_CXX=yes
lt_cv_prog_compiler_pic='-fPIC -DPIC'
lt_cv_prog_compiler_pic_CXX='-fPIC -DPIC'
lt_cv_prog_compiler_pic_works=yes
lt_cv_prog_compiler_pic_works_CXX=yes
lt_cv_prog_compiler_rtti_exceptions=no
lt_cv_prog_compiler_static_works=yes
lt_cv_prog_compiler_static_works_CXX=yes
lt_cv_prog_gnu_ld=yes
lt_cv_prog_gnu_ldcxx=yes
lt_cv_sharedlib_from_linklib_cmd='printf %s\n'
lt_cv_shlibpath_overrides_runpath=yes
lt_cv_sys_global_symbol_pipe='sed -n -e '\''s/^.*[	 ]\([ABCDGIRSTW][ABCDGIRSTW]*\)[	 ][	 ]*\([_A-Za-z][_A-Za-z0-9]*\)$/\1 \2 \2/p'\'' | sed '\''/ __gnu_lto/d'\'''
lt_cv_sys_global_symbol_to_c_name_address='sed -n -e '\''s/^: \([^ ]*\)[ ]*$/  {\"\1\", (void *) 0},/p'\'' -e '\''s/^[ABCDGIRSTW]* \([^ ]*\) \([^ ]*\)$/  {"\2", (void *) \&\2},/p'\'''
lt_cv_sys_global_symbol_to_c_name_address_lib_prefix='sed -n -e '\''s/^: \([^ ]*\)[ ]*$/  {\"\1\", (void *) 0},/p'\'' -e '\''s/^[ABCDGIRSTW]* \([^ ]*\) \(lib[^ ]*\)$/  {"\2", (void *) \&\2},/p'\'' -e '\''s/^[ABCDGIRSTW]* \([^ ]*\) \([^ ]*\)$/  {"lib\2", (void *) \&\2},/p'\'''
lt_cv_sys_global_symbol_to_cdecl='sed -n -e '\''s/^T .* \(.*\)$/extern int \1();/p'\'' -e '\''s/^[ABCDGIRSTW]* .* \(.*\)$/extern char \1;/p'\'''
lt_cv_sys_max_cmd_len=1572864
lt_cv_to_host_file_cmd=func_convert_file_noop
lt_cv_to_tool_file_cmd=func_convert_file_noop

## ----------------- ##
## Output variables. ##
## ----------------- ##

ACLOCAL='aclocal-1.16'
AMDEPBACKSLASH='\'
AMDEP_FALSE='#'
AMDEP_TRUE=''
AMTAR='$${TAR-tar}'
AM_BACKSLASH='\'
AM_DEFAULT_V='$(AM_DEFAULT_VERBOSITY)'
AM_DEFAULT_VERBOSITY='1'
AM_V='$(V)'
AR='ar'
AS='as'
AUTOCONF='autoconf'
AUTOHEADER='autoheader'
AUTOMAKE='automake-1.16'
AWK='gawk'
CC='gcc'
CCDEPMODE='depmode=gcc3'
CFLAGS='-g -O2'
CPP='gcc -E'
CPPFLAGS=''
CXX='g++'
CXXCPP='g++ -E'
CXXDEPMODE='depmode=gcc3'
CXXFLAGS='-g -O2'
CYGPATH_W='echo'
DEFS=''
DEPDIR='.deps'
DLLTOOL='dlltool'
DSYMUTIL=''
DUMPBIN=''
ECHO_C=''
ECHO_N='-n'
ECHO_T=''
EGREP='/bin/grep -E'
EXEEXT=''
FGREP='/bin/grep -F'
GEOSCONFIG=''
GEOS_CPPFLAGS=''
GEOS_LDFLAGS=''
GREP='/bin/grep'
INSTALL_DATA='${INSTALL} -m 644'
INSTALL_PROGRAM='${INSTALL}'
INSTALL_SCRIPT='${INSTALL}'
INSTALL_STRIP_PROGRAM='$(install_sh) -c -s'
LD='/usr/bin/ld -m elf_x86_64'
LDFLAGS=''
LIBCURL_CFLAGS=''
LIBCURL_LIBS=''
LIBFREEXL_CFLAGS=''
LIBFREEXL_LIBS=''
LIBLZ4_CFLAGS=''
LIBLZ4_LIBS=''
LIBLZMA_CFLAGS=''
LIBLZMA_LIBS=''
LIBOBJS=''
LIBOPENJP2_CFLAGS=''
LIBOPENJP2_LIBS=''
LIBRASTERLITE2_CFLAGS=''
LIBRASTERLITE2_LIBS=''
LIBS=''
LIBSPATIALITE_CFLAGS=''
LIBSPATIALITE_LIBS=''
LIBTOOL='$(SHELL) $(top_builddir)/libtool'
LIBVIRTUALPG_CFLAGS=''
LIBVIRTUALPG_LIBS=''
LIBWEBP_CFLAGS=''
LIBWEBP_LIBS=''
LIBXML2_CFLAGS=''
LIBXML2_LIBS=''
LIBZSTD_CFLAGS=''
LIBZSTD_LIBS=''
LIPO=''
LN_S='ln -s'
LTLIBOBJS=''
MAINT='#'
MAINTAINER_MODE_FALSE=''
MAINTAINER_MODE_TRUE='#'
MAKEINFO='makeinfo'
MANIFEST_TOOL=':'
MKDIR_P='/bin/mkdir -p'
NM='/usr/bin/nm -B'
NMEDIT=''
OBJDUMP='objdump'
OBJEXT='o'
OMIT_SQLITE_STMTSTATUS_AUTOINDEX_FLAGS=''
OTOOL64=''
OTOOL=''
PACKAGE='spatialite_gui'
PACKAGE_BUGREPORT='a.furieri@lqt.it'
PACKAGE_NAME='spatialite_gui'
PACKAGE_STRING='spatialite_gui 2.1.0-beta1'
PACKAGE_TARNAME='spatialite_gui'
PACKAGE_URL=''
PACKAGE_VERSION='2.1.0-beta1'
PATH_SEPARATOR=':'
PGCONFIG=''
PG_CFLAGS=''
PG_LDFLAGS=''
PG_LIB=''
PKG_CONFIG=''
PKG_CONFIG_LIBDIR=''
PKG_CONFIG_PATH=''
RANLIB='ranlib'
SED='/bin/sed'
SET_MAKE=''
SHELL='/bin/bash'
STRIP='strip'
VERSION='2.1.0-beta1'
WXCONFIG=''
WX_LIBS=''
ac_ct_AR='ar'
ac_ct_CC='gcc'
ac_ct_CXX='g++'
ac_ct_DUMPBIN=''
am__EXEEXT_FALSE=''
am__EXEEXT_TRUE=''
am__fastdepCC_FALSE='#'
am__fastdepCC_TRUE=''
am__fastdepCXX_FALSE='#'
am__fastdepCXX_TRUE=''
am__include='include'
am__isrc=''
am__leading_dot='.'
am__nodep='_no'
am__quote=''
am__tar='$${TAR-tar} chof - "$$tardir"'
am__untar='$${TAR-tar} xf -'
bindir='${exec_prefix}/bin'
build='x86_64-unknown-linux-gnu'
build_alias=''
build_cpu='x86_64'
build_os='linux-gnu'
build_vendor='unknown'
datadir='${datarootdir}'
datarootdir='${prefix}/share'
docdir='${datarootdir}/doc/${PACKAGE_TARNAME}'
dvidir='${docdir}'
exec_prefix='NONE'
host='x86_64-unknown-linux-gnu'
host_alias=''
host_cpu='x86_64'
host_os='linux-gnu'
host_vendor='unknown'
htmldir='${docdir}'
includedir='${prefix}/include'
infodir='${datarootdir}/info'
install_sh='${SHELL} /home/jin/AVAIL/code/avl-modeler2/server/database/spatialite_gui-2.1.0-beta1/install-sh'
libdir='${exec_prefix}/lib'
libexecdir='${exec_prefix}/libexec'
localedir='${datarootdir}/locale'
localstatedir='${prefix}/var'
mandir='${datarootdir}/man'
mkdir_p='$(MKDIR_P)'
oldincludedir='/usr/include'
pdfdir='${docdir}'
prefix='NONE'
program_transform_name='s,x,x,'
psdir='${docdir}'
sbindir='${exec_prefix}/sbin'
sharedstatedir='${prefix}/com'
sysconfdir='${prefix}/etc'
target_alias=''

## ----------- ##
## confdefs.h. ##
## ----------- ##

/* confdefs.h */
#define PACKAGE_NAME "spatialite_gui"
#define PACKAGE_TARNAME "spatialite_gui"
#define PACKAGE_VERSION "2.1.0-beta1"
#define PACKAGE_STRING "spatialite_gui 2.1.0-beta1"
#define PACKAGE_BUGREPORT "a.furieri@lqt.it"
#define PACKAGE_URL ""
#define PACKAGE "spatialite_gui"
#define VERSION "2.1.0-beta1"
#define STDC_HEADERS 1
#define HAVE_SYS_TYPES_H 1
#define HAVE_SYS_STAT_H 1
#define HAVE_STDLIB_H 1
#define HAVE_STRING_H 1
#define HAVE_MEMORY_H 1
#define HAVE_STRINGS_H 1
#define HAVE_INTTYPES_H 1
#define HAVE_STDINT_H 1
#define HAVE_UNISTD_H 1
#define HAVE_DLFCN_H 1
#define LT_OBJDIR ".libs/"

configure: exit 1
