 1003  ls
 1004  cd activitysim/
 1005  ls
 1006  cd ..
 1007  avl-m
 1008  avl-modeler/
 1009  ls
 1010  activitysim/
 1011  cd activitysim/
 1012  cd populationsim/
 1013  ls
 1014  cd example_calm
 1015  conda activate popsim
 1016  ls
 1017  python run_populationsim.py 
 1018  cd ..
 1019  cd example_calm_albany/
 1020  python run_populationsim.py 
 1021  exit
 1022  cd AVAIL/code
 1023  cd activitysim/
 1024  ls
 1025  cd populationsim/
 1026  ls
 1027  cd example_calm_albany/
 1028  conda activate popsim
 1029  python run_populationsim.py 
 1030  q
 1031  quit
 1032  exit
 1033  cd ..
 1034  cd activitysim/
 1035  ls
 1036  cd populationsim/
 1037  ls
 1038  cd example_calm_albany/
 1039  ls
 1040  python run_populationsim.py 
 1041  conda activate popsim
 1042  python run_populationsim.py 
 1043  cd AVAIL/cde
 1044  cd AVAIL
 1045  cd code/
 1046  ls
 1047  cd avl-modeler/
 1048  ls
 1049  cd tasks/
 1050  ls
 1051  cd split_pums_data/
 1052  node --max-old-space-size=16384 spliter.js 
 1053  npm start
 1054  Prettify JSON
 1055  npm start
 1056  cd AVAIL/code
 1057  cd ..
 1058  ls
 1059  cd Documents/
 1060  ls
 1061  cd sam/
 1062  ls
 1063  cd HOLC_Area_Description_Data-master/
 1064  mkdir original
 1065  cd original/
 1066  git clone https://github.com/americanpanorama/HOLC_Area_Description_Data.git
 1067  cd ..
 1068  ls
 1069  cd activitysim/
 1070  ls
 1071  cd populationsim/
 1072  ls
 1073  cd example_calm_albany/
 1074  ls
 1075  conda activate popsim
 1076  python run_populationsim.py 
 1077  exit
 1078  ls
 1079  cd AVAIL/code
 1080  ls
 1081  cd avl-modeler/
 1082  ls
 1083  cd tasks/
 1084  ls
 1085  cd split_pums_data/
 1086  ls
 1087  node --max-old-space-size=16384 spliter.js 
 1088  cd ..
 1089  npm start
 1090  npm start
 1091  jupyter notebook
 1092  conda jupyter notebook
 1093  cd ..
 1094  ls
 1095  cd jin
 1096  ls
 1097  cd Documents/
 1098  cd sam
 1099  ls
 1100  ll
 1101  ls
 1102  ll
 1103  cd NASA\ Earth\ Data/
 1104  ls
 1105  ll
 1106  cd ..
 1107  cd home
 1108  ls
 1109  cd jin
 1110  ls
 1111  cd AVAIL/
 1112  ls
 1113  cd code
 1114  ls
 1115  clone https://github.com/ecohydro/GlobalUrbanHeat.git
 1116  git clone https://github.com/ecohydro/GlobalUrbanHeat.git
 1117  ls
 1118  cd GlobalUrbanHeat/
 1119  ls
 1120  ll
 1121  cd Notebooks/
 1122  ls
 1123  jupyter notebook
 1124  cd ..
 1125  conda install jupyterlab
 1126  jupyter notebook
 1127  conda jupyter notebook
 1128  jupyter notebook
 1129  npm start
 1130  git add .
 1131  git commit -m 'update VarDisplay'
 1132  git pull
 1133  git pushgit push
 1134  git push
 1135  npm start
 1136  cd AVAIL/
 1137  code
 1138  ls
 1139  cd code
 1140  ls
 1141  cd ..
 1142  ls
 1143  cd Documents/
 1144  ls
 1145  cd sam/
 1146  ls
 1147  git clone https://github.com/americanpanorama/Census_HOLC_Research.git
 1148  ls
 1149  ls lm
 1150  ls
 1151  ll
 1152  cd ls
 1153  ls
 1154  cd Downloads/
 1155  ls
 1156  npm start
 1157  cd Downloads/
 1158  ls
 1159  cd A
 1160  ls
 1161  cd ASUS_MB_Series_driver_for_Ubuntu_5.3.1/
 1162  ls
 1163  sudo ./displaylink-driver-5.3.1.34.run
 1164  d ..
 1165  cd ..
 1166  ls
 1167  git clone ttps://github.com/AdnanHodzic/displaylink-debian.git
 1168  git clone https://github.com/AdnanHodzic/displaylink-debian.git
 1169  cd displaylink-debian/
 1170  ls
 1171  sudo ./displaylink-debian.sh
 1172  apt-get update
 1173  sudo apt-get update
 1174  sudo ./displaylink-debian.sh
 1175  npm start
 1176  ls
 1177  cd database/
 1178  ls
 1179  python create.py
 1180  python insert_test_data.py 
 1181  cd AVAIL/code
 1182  cd activity_sim_server/
 1183  py -m venv venv
 1184  conda
 1185  conda list
 1186  conda --help
 1187  conda create --help
 1188  conda create -n asim python=3.9 -c conda-forge --override-channels
 1189  conda activate asim
 1190  conda install flask
 1191  python index.py
 1192  flask index.py
 1193  flask --version
 1194  export FLASK_APP=index
 1195  flask run
 1196  conda install sqlite
 1197  python database/create.py 
 1198  ls database/
 1199  python database/create.py 
 1200  ls database/
 1201  cd database/
 1202  python create.py 
 1203  ls
 1204  cd ..
 1205  ls
 1206  rm activitysimserver.sqlite 
 1207  ls
 1208  rm database/activitysimserver.sqlite 
 1209  python database/create.py 
 1210  sudo apt-get install sqlitebrowser 
 1211  python database/create.py 
 1212  python database/insert_test_data.py 
 1213  history>history.log
 1214  flask run
 1215  npm start
 1216  git add .
 1217  git commit -m 'update barcharts'
 1218  git pull
 1219  git push
 1220  npm start
 1221  ls
 1222  cd database/
 1223  python create.py
 1224  python insert_test_data.py 
 1225  conda activate asim
 1226  python index.py
 1227  flask index.py
 1228  flask run
 1229  flask --version
 1230  export FLASK_APP=index
 1231  flask run
 1232  conda config --show channels
 1233  conda list
 1234  git add .
 1235  git add.
 1236  conda activate asim
 1237  flask run
 1238  export FLASK_APP=index
 1239  flask run
 1240  python index.py
 1241  flask run
 1242  cd AVAIL/code
 1243  ls
 1244  cd backup/
 1245  ls
 1246  mkdir avl-modeler-working
 1247  ls
 1248  cd avl-modeler-working/
 1249  git clone https://github.com/availabs/avl-modeler.git
 1250  ls
 1251  rm -rf avl-modeler/
 1252  ls
 1253  cd ..
 1254  git clone https://github.com/availabs/avl-modeler.git
 1255  cd avl-modeler
 1256  npm start
 1257  sudo apt-get update
 1258  sudo apt-get install clamav clamav-daemon
 1259  clamscan --version
 1260  git init
 1261  git add .
 1262  git commit -m 'initial commit'
 1263  cd src
 1264  cd modules/
 1265  git submodule add https://github.com/availabs/avl-components.git .
 1266  git submodule add https://github.com/availabs/avl-components.git 
 1267  ls
 1268  rm -rf avl-components/
 1269  rm -rf avl-graph/
 1270  git submodule add https://github.com/availabs/avl-components.git 
 1271  cd avl-components/
 1272  git checkout 1.1.0
 1273  git pull
 1274  git status
 1275  cd ..
 1276  npm install
 1277  npm start
 1278  npm install @headlessui/react
 1279  npm start
 1280  ls
 1281  cd src/modules/
 1282  git submodule add https://github.com/availabs/avl-map.git .
 1283  l
 1284  git submodule add https://github.com/availabs/avl-map.git
 1285  ls
 1286  cd avl-
 1287  cd avl-map/
 1288  git status
 1289  ls
 1290  git pull origin master
 1291  cd ../
 1292  cd .//
 1293  cd ../
 1294  npm install lodash.flatten papaparse jszip filesaver @turf/turf --save
 1295  npm start
 1296  npm i @heroicons/react
 1297  npm install file-saver --save
 1298  cd database/
 1299  python create.py 
 1300  python insert_test_data.py 
 1301  cd ..
 1302  ls database/
 1303  cd database/
 1304  cd ..
 1305  python database/create.py 
 1306  python database/insert_test_data.py 
 1307  cd database/
 1308  python create.py 
 1309  python insert_test_data.py 
 1310  ls
 1311  rm rf activitysimserver.sqlite 
 1312  ls
 1313  python create.py 
 1314  python insert_test_data.py 
 1315  ls
 1316  rm activitysimserver.sqlite 
 1317  python create.py 
 1318  python insert_test_data.py 
 1319  rm activitysimserver.sqlite 
 1320  python create.py 
 1321  python insert_test_data.py 
 1322  rm activitysimserver.sqlite 
 1323  python create.py 
 1324  rm activitysimserver.sqlite 
 1325  python create.py 
 1326  python insert_test_data.py 
 1327  python create.py 
 1328  python insert_test_data.py 
 1329  rm activitysimserver.sqlite 
 1330  python create.py 
 1331  python insert_test_data.py 
 1332  rm activitysimserver.sqlite 
 1333  python create.py 
 1334  python insert_test_data.py 
 1335  cd ..
 1336  git clone https://github.com/availabs/ppdaf-layout.git
 1337  mv ppdaf-layout/
 1338  mv ppdaf-layout/ avl-modeler 
 1339  cd avl-modeler/
 1340  rm -rf .git
 1341  cd ..
 1342  git clone https://github.com/availabs/ppdaf-layout.git
 1343  mv ppdaf-layout/ avl-modeler2
 1344  cd avl-modeler2
 1345  rm -rf .git
 1346  python insert_test_data.py 
 1347  cd ..
 1348  cd activity_sim_server/
 1349  cd database/
 1350  ls
 1351  rm activitysimserver.sqlite 
 1352  python create.py 
 1353  python insert_test_data.py 
 1354  rm activitysimserver.sqlite 
 1355  python create.py 
 1356  python insert_test_data.py 
 1357  cd ../
 1358  ls
 1359  less README.md 
 1360  conda activate asim
 1361  python index.py 
 1362  flask run
 1363  flask run index.py 
 1364  ls
 1365  less README.md 
 1366  ls
 1367  flask run
 1368  chmod ./envars.sh +x
 1369  chmod +x ./envars.sh
 1370  ./envars.sh 
 1371  flask run
 1372  export FLASK_APP=index
 1373  flask run
 1374  history > history1.log
 1375  flask run
 1376  conda install -c anaconda flask-cors
 1377  conda list
 1378  conda install -c anaconda flask-cors
 1379  conda list
 1380  flask run
 1381  conda install -U flask-cors
 1382  conda install -c conda-forge flask-cors
 1383  cd database/
 1384  make
 1385  ls
 1386  ls -lah
 1387  ls
 1388  make
 1389  ls
 1390  rm -rf data/
 1391  rm counties.zip 
 1392  make
 1393  ls
 1394  cd data/
 1395  ls
 1396  cd ../
 1397  make
 1398  make -all
 1399  make all
 1400  make
 1401  unzip -d data/csv_pny.zip
 1402  unzip data/csv_pny.zip
 1403  ls
 1404  ls data/
 1405  mamke
 1406  make
 1407  ls
 1408  make
 1409  ls
 1410  make
 1411  ls
 1412  ls data/
 1413  less data/
 1414  ls data/
 1415  ll
 1416  rm -rf psam_p36.csv 
 1417  ls
 1418  ls data/
 1419  ls
 1420  rm -rf data/
 1421  make
 1422  unzip -p data/csv_pny.zip /psam_h36.csv > data/psam_h36.csv
 1423  ls data/
 1424  rm -rf data/
 1425  make
 1426  ls data/
 1427  rm -rf data/
 1428  nmake
 1429  make
 1430  ls data/
 1431  less data/psam_h36.csv 
 1432  unzip -p data/csv_hny.zip /psam_h36.csv > data/psam_h36.csv
 1433  unzip -p data/csv_hny.zip psam_h36.csv > data/psam_h36.csv
 1434  less data/psam_h36.csv 
 1435  rm -rf data/
 1436  make
 1437  pip install pandas
 1438  python import_csv.py 
 1439  python import_csv_1.py 
 1440  python load_csv.py 
 1441  npm start
 1442  cd ..
 1443  cd backup/
 1444  ls
 1445  cd avl-modeler-working/
 1446  ls
 1447  cd ..
 1448  cd home
 1449  ls
 1450  cd jin
 1451  cd AVAIL/code
 1452  ls
 1453  cd avl-modeler
 1454  npm start
 1455  cd server/
 1456  ls -lah
 1457  ls
 1458  history > history1.log
 1459  npm i react-select
 1460  git pull
 1461  git add .
 1462  git commit     selectedACSKeys.push(
 1463  git add .
 1464  git commit -m 'update variable selector'
 1465  git pull
 1466  git push
 1467  cd server/
 1468  ls
 1469  activate asim
 1470  cpmda activate asim
 1471  conda activate asim
 1472  flask run
 1473  export FLASK_APP=index
 1474  flask run
 1475  top
 1476  ls
 1477  top
 1478  shutdown -r now
 1479  npm start
 1480  cd server/
 1481  flask run
 1482  conda activate asim
 1483  flask run
 1484  ./envars.sh 
 1485  flask run
 1486  export FLASK_APP=index
 1487  flask run
 1488  source /home/jin/miniconda2/bin/activate /home/jin/miniconda3/envs/asim
 1489  ls
 1490  cd AVAIL/code/activity_sim_server/
 1491  ls
 1492  ll
 1493  mkdir lib
 1494  ls
 1495  git status
 1496  cd ../
 1497  l
 1498  cd server/
 1499  ls
 1500  less .git
 1501  ll
 1502  cd lib/
 1503  git submodule init https://github.com/ActivitySim/activitysim.git
 1504  git submodule add https://github.com/ActivitySim/activitysim.git
 1505  git submodule add https://github.com/ActivitySim/populationsim.git
 1506  ll
 1507  source /home/jin/miniconda3/bin/activate
 1508  conda activate asim
 1509  /home/jin/miniconda3/envs/asim/bin/python
 1510  cd AVAIL/
 1511  ls
 1512  cd code
 1513  cd activitysim/
 1514  ls
 1515  cd populationsim/
 1516  ls
 1517  cd example_calm_albany/
 1518  ls
 1519  conda activate popsim
 1520  python run_populationsim.py 
 1521  less run_populationsim.py 
 1522  python run_populationsim.py 
 1523  less run_populationsim.py 
 1524  python run_populationsim.py 
 1525  npm start
 1526  source /home/jin/miniconda3/bin/activate
 1527  conda activate asim
 1528  cd server/
 1529  node test/sendPopSynthReq.js 
 1530  node version
 1531  node --version
 1532  n
 1533  n install 17.5
 1534  sudo n install 17.5
 1535  sudo n use 17.5
 1536  node --version
 1537  node test/sendPopSynthReq.js 
 1538  node test/sendPopSynthReq.js --experimental-fetch
 1539  cd ../
 1540  npm i node-fetch --save
 1541  npm i node-fetch --save-dev
 1542  cd server/
 1543  node test/sendPopSynthReq.js 
 1544  npm uninstall node-fetch 
 1545  npm install node-fetch@2 --save-dev
 1546  node test/sendPopSynthReq.js 
 1547  cd ..
 1548  cd avl-modeler2
 1549  cd server/
 1550  ls
 1551  conda activate asim
 1552  history >history3.log
 1553  chmod +x envars.sh 
 1554  ./envars.sh 
 1555  flask run
 1556  export FLASK_APP=index
 1557  flask run
 1558  source /home/jin/miniconda3/bin/activate
 1559  conda activate asim
 1560  source /home/jin/miniconda3/bin/activate
 1561  conda activate asim
 1562  source /home/jin/miniconda3/bin/activate
 1563  conda activate asim
 1564  source /home/jin/miniconda3/bin/activate
 1565  conda activate asim
 1566  exit
 1567  source /home/jin/miniconda3/bin/activate
 1568  conda activate asim
 1569  source /home/jin/miniconda3/bin/activate
 1570  conda activate asim
 1571  cd server/
 1572  ls
 1573  conda acticate asim
 1574  conda activate asim
 1575  export FLASK_APP=index
 1576  flask run
 1577  exit
 1578  source /home/jin/miniconda3/bin/activate
 1579  conda activate asim
 1580  deactivate
 1581  source deactivate
 1582  conda deactivate
 1583  source /home/jin/miniconda3/bin/activate
 1584  conda activate asim
 1585  source /home/jin/miniconda3/bin/activate
 1586  conda activate asim
 1587  cd server
 1588  history>history1.log
 1589  source /home/jin/miniconda3/bin/activate
 1590  conda activate asim
 1591  cd server/
 1592  node test/sendPopSynthReq.js 
 1593  npm start
 1594  git add .
 1595  git commit -m 'update dataGenerator'
 1596  git pull
 1597  git push
 1598  npm start
 1599  cd server/
 1600  conda activate asim
 1601  export FLASK_APP=index
 1602  flask run
 1603  source /home/jin/miniconda3/bin/activate
 1604  conda activate asim
 1605  npm start
 1606  cd server/
 1607  ls
 1608  export FLASK_APP=index
 1609  flask run
 1610  conda activate asim
 1611  exit
 1612  conda activate ASIM_DEV_5
 1613  export FLASK_APP=index
 1614  flask run
 1615  cd server
 1616  flask run
 1617  conda install flask
 1618  flask run
 1619  history >history2.log
 1620  conda deactivate
 1621  conda activate asim
 1622  flask run
 1623  conda deactivate
 1624  ls
 1625  export FLASK_APP=index
 1626  conda activate asim
 1627  export FLASK_APP=index
 1628  flask run
 1629  cd server
 1630  ls
 1631  cd lib
 1632  cd ..
 1633  conda activate ASIM_DEV_7
 1634  conda activate ASIM_DEV_6
 1635  export FLASK_APP=index
 1636  flask run
 1637  cd server
 1638  ls
 1639  export FLASK_APP=index
 1640  flask run
 1641  export FLASK_APP=index
 1642  flask run
 1643  conda activate asim
 1644  export FLASK_APP=index
 1645  flask run
 1646  conda deactivate
 1647  source /home/jin/miniconda3/bin/activate
 1648  conda activate asim
 1649  export FLASK_APP=index
 1650  flask run
 1651  conda deactivate
 1652  conda activate ASIM_DEV_6
 1653  flask run
 1654  conda deactivate
 1655  conda activate ASIM_DEV
 1656  flask run
 1657  export FLASK_APP=index
 1658  flask run
 1659  exit
 1660  source /home/jin/miniconda3/bin/activate
 1661  conda activate asim
 1662  source /home/jin/miniconda3/bin/activate
 1663  conda activate asim
 1664  source /home/jin/miniconda3/bin/activate
 1665  conda activate asim
 1666  conda deactivate
 1667  conda decativate
 1668  conda deactivate
 1669  cd server
 1670  ls
 1671  conda activate ASIM_DEV_6
 1672  conda activate ASIM_DEV
 1673  export FLASK_APP=index
 1674  flask run
 1675  conda decativate
 1676  conda deactivate
 1677  conda activate ASIM_DEV_6
 1678  export FLASK_APP=index
 1679  flask run
 1680  conda deactivate
 1681  conda activate ASIM_DEV
 1682  export FLASK_APP=index
 1683  flask run
 1684  ls
 1685  cd lib/populationsim/example_calm
 1686  ls
 1687  ./run
 1688  python run_populationsim.py 
 1689  conda --help
 1690  conda deactivatre
 1691  conda deactivate
 1692  ls
 1693  cd ../
 1694  ls
 1695  cd conda/
 1696  conda env create --file=activitysim-dev.yml -n ASIM-SERVER
 1697  top
 1698  ps -l 
 1699  source /home/jin/miniconda3/bin/activate
 1700  conda activate asim
 1701  exit
 1702  source /home/jin/miniconda3/bin/activate
 1703  conda activate asim
 1704  conda deactivate
 1705  conda activate ASIM_DEV
 1706  cd server/
 1707  ls
 1708  cd lib/populationsim/
 1709  ls
 1710  cd example_calm
 1711  python run_populationsim.py 
 1712  cp -r configs ../../../
 1713  cd ../
 1714  ls
 1715  cp -r lib/populationsim/example_calm/data .
 1716  cp -r lib/populationsim/example_calm/output .
 1717  ls
 1718  cd lib/populationsim/example_calm
 1719  ls
 1720  python run_populationsim.py 
 1721  cd /home/jin/miniconda3/envs/ASIM_DEV/lib/python3.9/site-packages/populationsim-0.5.1-py3.9.egg/populationsim/
 1722  cd /home/jin/miniconda3/envs/ASIM_DEV/lib/python3.9/site-packages/
 1723  ls
 1724  cd ls
 1725  exit
 1726  source /home/jin/miniconda3/bin/activate
 1727  conda activate asim
 1728  conda deactivate
 1729  ls
 1730  conda deactivate
 1731  ls
 1732  cd server/test/
 1733  ls
 1734  node sendPopSynthReq.js 
 1735  ls
 1736  cd ../
 1737  cd lib/populationsim/\
 1738  ls
 1739  cd lib/
 1740  cd populationsim/
 1741  ls
 1742  python setup.py uninstall
 1743  python setup.py remove
 1744  cd /home/jin/miniconda3/envs/ASIM_DEV/lib/python3.9/site-packages/
 1745  rm -rf populationsim-0.5.1-py3.9.egg 
 1746  less easy-install.pth 
 1747  nano easy-install.pth 
 1748  ~/AVAIL/code/avl-modeler2/server/lib/populationsim
 1749  cd ~/AVAIL/code/avl-modeler2/server/lib/
 1750  ls
 1751  cd populationsim/
 1752  pip install .
 1753  python setup.py install --single-version-externally-managed --root=/
 1754  sudo python setup.py install --single-version-externally-managed --root=/
 1755  sudo python3. setup.py install --single-version-externally-managed --root=/populationsim
 1756  conda activate ASIM_DEV
 1757  python setup.py install --single-version-externally-managed --root=/
 1758  cd ../
 1759  ls
 1760  cd test/
 1761  ls
 1762  node sendPopSynthReq.js 
 1763  cd ../
 1764  ls
 1765  cd lib/populationsim/example_calm
 1766  ls
 1767  python run_populationsim.py 
 1768  source /home/jin/miniconda3/bin/activate
 1769  conda activate asim
 1770  conda deactivate
 1771  conda activate ASIM_DEV
 1772  cd server
 1773  cd popsynth_runs/
 1774  cd HXB6MH/
 1775  python run_populationsim.py 
 1776  cd ..
 1777  cd TUXCMK/
 1778  python run_populationsim.py 
 1779  cd ..
 1780  cd DVWR2J/
 1781  python run_populationsim.py 
 1782  cd ..
 1783  cd 4SPUMW/
 1784  python run_populationsim.py 
 1785  cd ..
 1786  cd EJWC2A/
 1787  python run_populationsim.py 
 1788  cd ..
 1789  cd G7GGPK/
 1790  python run_populationsim.py 
 1791  source /home/jin/miniconda3/bin/activate
 1792  conda activate asim
 1793  npms start
 1794  npm start
 1795  source /home/jin/miniconda3/bin/activate
 1796  conda activate asim
 1797  conda deactivate
 1798  npm start
 1799  cd server/
 1800  cd test/
 1801  ls
 1802  cd ..
 1803  cd lib/
 1804  cd activitysim_1
 1805  conda env create --file=conda-environments/activitysim-dev.yml --name ASIM_DEV_6
 1806  cd ..
 1807  cd activitysim
 1808  conda env create --file=../conda/activitysim-dev.yml --name ASIM_DEV_7
 1809  conda env create --file=../../conda/activitysim-dev.yml --name ASIM_DEV_7
 1810  conda env create --file=conda-environments/activitysim-dev.yml --name ASIM_DEV_7
 1811  conda env create --file=conda-environments/activitysim-dev.yml --name ASIM_DEV
 1812  export FLASK_APP=index
 1813  cd ../
 1814  ls
 1815  cd test/
 1816  ls
 1817  node sendPopSynthReq.js 
 1818  conda activate asim
 1819  cd ..
 1820  cd..
 1821  cd ..
 1822  cd..
 1823  cd ..
 1824  globalprotect connect --portal uavpn.albany.edu
 1825  cd AVAIL/code/
 1826  cd avl-modeler2
 1827  cd ser
 1828  cd server/
 1829  ls
 1830  conda activate asim
 1831  export FLASK_APP=index
 1832  flask run
 1833  conda deactivate
 1834  cd ..
 1835  cd activity
 1836  cd activitysim/
 1837  cd populationsim/
 1838  cd example-calm
 1839  ls
 1840  cd example_calm
 1841  python run_populationsim.py 
 1842  conda activate popsim
 1843  python run_populationsim.py 
 1844  cd ..
 1845  cd example_calm_albany/
 1846  python run_populationsim.py 
 1847  cd ..
 1848  cd example_calm
 1849  cd ..
 1850  cd example_calm_albany/
 1851  python run_populationsim.py 
 1852  cd ..
 1853  cd example_calm
 1854  python run_populationsim.py 
 1855  globalprotect connect --portal uavpn.albany.edu
 1856  source /home/jin/miniconda3/bin/activate
 1857  conda activate asim
 1858  source /home/jin/miniconda3/bin/activate
 1859  conda activate asim
 1860  source /home/jin/miniconda3/bin/activate
 1861  conda activate asim
 1862  source /home/jin/miniconda3/bin/activate
 1863  conda activate asim
 1864  deactivate asim
 1865  conda deactivate
 1866  cd server
 1867  ls
 1868  ll
 1869  ls
 1870  ll
 1871  ex[ort FLASK_APP=index
 1872  export FLASK_APP=index
 1873  flask run
 1874  conda activate ASIM_DEV
 1875  export FLASK_APP=index
 1876  flask run
 1877  source /home/jin/miniconda3/bin/activate
 1878  conda activate asim
 1879  deactivate asim
 1880  conda deactivate asim
 1881  deactivate base
 1882  conda deactivate base
 1883  conda deactivate
 1884  npm start
 1885  source /home/jin/miniconda3/bin/activate
 1886  conda activate asim
 1887  conda deactivate
 1888  cd server
 1889  ls
 1890  export FLASK_APP=index
 1891  flask run
 1892  activate ASIM_DEV
 1893  conda activate ASIM_DEV
 1894  export FLASK_APP=index
 1895  flask run
 1896  npm start
 1897  cd AVAIL/
 1898  cd code
 1899  ls
 1900  git clone https://github.com/availabs/availblog.git
 1901  globalprotect connect --portal uavpn.albany.edu
 1902  source /home/jin/miniconda3/bin/activate
 1903  conda activate asim
 1904  conda deactivate
 1905  source /home/jin/miniconda3/bin/activate
 1906  conda activate asim
 1907  conda deactivate
 1908  conda activate ASIM_DEV
 1909  conda list
 1910  from redis import Redis
 1911  cd server
 1912  ls
 1913  bash popsynthrun.sh 
 1914  source /home/jin/miniconda3/bin/activate
 1915  conda activate asim
 1916  conda deactivate
 1917  npm start
 1918  source /home/jin/miniconda3/bin/activate
 1919  conda activate asim
 1920  conda deactivate
 1921  cd server
 1922  conda activate ASIM_DEV
 1923  export FLASK_APP=index
 1924  flask run
 1925  cd server
 1926  history > history1.log
 1927  export FLASK_APP=index
 1928  activate ASIM_DEV
 1929  conda activate ASIM_DEV
 1930  export FLASK_APP=index
 1931  flask run
 1932  rq woker synpoprun-test1
 1933  rq worker synpoprun-test1
 1934  source /home/jin/miniconda3/bin/activate
 1935  conda activate asim
 1936  exit source
 1937  source /home/jin/miniconda3/bin/activate
 1938  conda activate asim
 1939  exit source
 1940  source /home/jin/miniconda3/bin/activate
 1941  conda activate asim
 1942  source /home/jin/miniconda3/bin/activate
 1943  conda activate asim
 1944  source /home/jin/miniconda3/bin/activate
 1945  conda activate asim
 1946  conda config --set auto_activate_base False
 1947  source /home/jin/miniconda3/bin/activate
 1948  conda activate ASIM_DEV
 1949  source /home/jin/miniconda3/bin/activate
 1950  conda activate ASIM_DEV
 1951  conda config --set auto_activate_base False
 1952  source /home/jin/miniconda3/bin/activate
 1953  conda activate ASIM_DEV
 1954  source /home/jin/miniconda3/bin/activate
 1955  conda activate ASIM_DEV
 1956  export FLASK_APP=index
 1957  flask run
 1958  cd server
 1959  export FLASK_APP=index
 1960  flask run
 1961  source /home/jin/miniconda3/bin/activate
 1962  conda activate asim
 1963  conda deactivate
 1964  conda config --set auto_activate_base False
 1965  conda activate ASIM_DEV
 1966  cd server
 1967  rq worker synpoprun-test1
 1968  flask run
 1969  rq worker synpoprun-test1
 1970  rq worker synpoprun-test2
 1971  rq worker synpoprun-test1
 1972  rq worker synpoprun-test2
 1973  rq worker synpoprun-test3
 1974  rq worker synpoprun-test4
 1975  rq worker synpop-test
 1976  rq worker test
 1977  rq worker snyPopTest
 1978  rq worker popSynth_test
 1979  rq worker popSynth_test1
 1980  rq worker popSynth_test2
 1981  rq worker popSynth_test3
 1982  rq worker popSynth_test3
 1983  rq worker popSynth_test4
 1984  rq worker popSynth_test5
 1985  rq worker popSynth_test6
 1986  cd server
 1987  conda activate ASIM_DEV
 1988  export FLASK_APP=index
 1989  flask run
 1990  conda deactivate
 1991  conda activate ASIM_DEV
 1992  export FLASK_APP=index
 1993  flask run
 1994  source /home/jin/miniconda3/bin/activate
 1995  conda activate ASIM_DEV
 1996  conda deactivate
 1997  npm start
 1998  globalprotect connect --portal uavpn.albany.edu
 1999  cd server
 2000  activate ASIM_DEV
 2001  conda activate ASIM_DEV
 2002  history>history2.log
